2025-08-13 18:37:58,733 - pitch_analyzer - INFO - add_metrics_and_logging:54 - Incoming request: GET /
2025-08-13 18:37:58,735 - pitch_analyzer - INFO - add_metrics_and_logging:68 - Request completed: GET / - 200 - 0.002s
2025-08-13 18:37:58,990 - pitch_analyzer - INFO - add_metrics_and_logging:54 - Incoming request: GET /
2025-08-13 18:37:58,992 - pitch_analyzer - INFO - add_metrics_and_logging:68 - Request completed: GET / - 200 - 0.002s
2025-08-13 18:37:59,316 - pitch_analyzer - INFO - add_metrics_and_logging:54 - Incoming request: GET /favicon.ico
2025-08-13 18:37:59,329 - pitch_analyzer - INFO - add_metrics_and_logging:68 - Request completed: GET /favicon.ico - 404 - 0.013s
2025-08-13 18:38:10,924 - pitch_analyzer - INFO - add_metrics_and_logging:54 - Incoming request: GET /docs
2025-08-13 18:38:10,925 - pitch_analyzer - INFO - add_metrics_and_logging:68 - Request completed: GET /docs - 200 - 0.001s
2025-08-13 18:38:11,146 - pitch_analyzer - INFO - add_metrics_and_logging:54 - Incoming request: GET /openapi.json
2025-08-13 18:38:11,166 - pitch_analyzer - INFO - add_metrics_and_logging:68 - Request completed: GET /openapi.json - 200 - 0.020s
2025-08-13 18:38:50,201 - pitch_analyzer - INFO - add_metrics_and_logging:54 - Incoming request: POST /analyze_pdf
2025-08-13 18:38:50,249 - pitch_analyzer - WARNING - validate_file:47 - Could not determine file type for Pitch-Example-Air-BnB-PDF.pdf: 'Settings' object has no attribute 'allowed_file_types'
2025-08-13 18:38:50,249 - pitch_analyzer - INFO - analyze_pitch_pdf:203 - Starting PDF pitch analysis - File: Pitch-Example-Air-BnB-PDF.pdf, Size: 862121 bytes
2025-08-13 18:38:50,249 - pitch_analyzer - INFO - extract_text_from_pdf:14 - Starting PDF text extraction for file: Pitch-Example-Air-BnB-PDF.pdf
2025-08-13 18:38:50,383 - pitch_analyzer - INFO - extract_text_from_pdf:37 - Successfully extracted 2624 characters using PyPDF2
2025-08-13 18:38:50,383 - pitch_analyzer - INFO - analyze_pitch_pdf:211 - PDF text extraction completed in 0.13s - Extracted 2624 characters
2025-08-13 18:38:50,399 - pitch_analyzer - INFO - analyze_pitch:86 - Starting pitch analysis b4a7f831-a6b7-4754-b065-023de91839ed
2025-08-13 18:39:30,541 - pitch_analyzer - INFO - analyze_pitch:104 - Analysis b4a7f831-a6b7-4754-b065-023de91839ed completed in 40.14s
2025-08-13 18:39:30,543 - pitch_analyzer - INFO - add_metrics_and_logging:68 - Request completed: POST /analyze_pdf - 200 - 40.342s
2025-08-13 18:41:50,119 - pitch_analyzer - INFO - add_metrics_and_logging:54 - Incoming request: POST /analyze_pdf
2025-08-13 18:41:50,238 - pitch_analyzer - WARNING - validate_file:47 - Could not determine file type for about shoppin’.pdf: 'Settings' object has no attribute 'allowed_file_types'
2025-08-13 18:41:50,238 - pitch_analyzer - INFO - analyze_pitch_pdf:203 - Starting PDF pitch analysis - File: about shoppin’.pdf, Size: 9974118 bytes
2025-08-13 18:41:50,238 - pitch_analyzer - INFO - extract_text_from_pdf:14 - Starting PDF text extraction for file: about shoppin’.pdf
2025-08-13 18:41:50,735 - pitch_analyzer - INFO - extract_text_from_pdf:37 - Successfully extracted 8511 characters using PyPDF2
2025-08-13 18:41:50,746 - pitch_analyzer - INFO - analyze_pitch_pdf:211 - PDF text extraction completed in 0.51s - Extracted 8511 characters
2025-08-13 18:41:50,747 - pitch_analyzer - INFO - analyze_pitch:86 - Starting pitch analysis 63def11c-bb1d-41a5-8d77-3f7090b14421
2025-08-13 18:42:46,011 - pitch_analyzer - INFO - analyze_pitch:104 - Analysis 63def11c-bb1d-41a5-8d77-3f7090b14421 completed in 55.26s
2025-08-13 18:42:46,011 - pitch_analyzer - INFO - add_metrics_and_logging:68 - Request completed: POST /analyze_pdf - 200 - 55.892s
