<<<<<<< HEAD
2025-07-30 00:04:40,950 - pitch_analyzer - INFO - add_metrics_and_logging:54 - Incoming request: GET /
2025-07-30 00:04:40,986 - pitch_analyzer - INFO - add_metrics_and_logging:68 - Request completed: GET / - 200 - 0.038s
2025-07-30 00:04:49,175 - pitch_analyzer - INFO - add_metrics_and_logging:54 - Incoming request: GET /docs
2025-07-30 00:04:49,183 - pitch_analyzer - INFO - add_metrics_and_logging:68 - Request completed: GET /docs - 200 - 0.007s
2025-07-30 00:04:49,621 - pitch_analyzer - INFO - add_metrics_and_logging:54 - Incoming request: GET /openapi.json
2025-07-30 00:04:49,735 - pitch_analyzer - INFO - add_metrics_and_logging:68 - Request completed: GET /openapi.json - 200 - 0.115s
2025-07-30 00:05:06,164 - pitch_analyzer - INFO - add_metrics_and_logging:54 - Incoming request: POST /analyze_pdf
2025-07-30 00:05:06,298 - pitch_analyzer - WARNING - validate_file:47 - Could not determine file type for Pitch-Example-Air-BnB-PDF.pdf: 'Settings' object has no attribute 'allowed_file_types'
2025-07-30 00:05:06,298 - pitch_analyzer - INFO - analyze_pitch_pdf:203 - Starting PDF pitch analysis - File: Pitch-Example-Air-BnB-PDF.pdf, Size: 862121 bytes
2025-07-30 00:05:06,298 - pitch_analyzer - INFO - extract_text_from_pdf:14 - Starting PDF text extraction for file: Pitch-Example-Air-BnB-PDF.pdf
2025-07-30 00:05:06,527 - pitch_analyzer - INFO - extract_text_from_pdf:37 - Successfully extracted 2624 characters using PyPDF2
2025-07-30 00:05:06,527 - pitch_analyzer - INFO - analyze_pitch_pdf:211 - PDF text extraction completed in 0.23s - Extracted 2624 characters
2025-07-30 00:05:06,590 - pitch_analyzer - INFO - analyze_pitch:86 - Starting pitch analysis e863fde4-38c8-496a-b46b-05d0cb334708
2025-07-30 00:05:35,048 - pitch_analyzer - INFO - analyze_pitch:104 - Analysis e863fde4-38c8-496a-b46b-05d0cb334708 completed in 28.47s
2025-07-30 00:05:35,061 - pitch_analyzer - INFO - add_metrics_and_logging:68 - Request completed: POST /analyze_pdf - 200 - 28.897s
2025-07-30 00:39:02,538 - pitch_analyzer - INFO - add_metrics_and_logging:54 - Incoming request: POST /analyze_pdf
2025-07-30 00:39:02,586 - pitch_analyzer - WARNING - validate_file:47 - Could not determine file type for Pitch-Example-Air-BnB-PDF.pdf: 'Settings' object has no attribute 'allowed_file_types'
2025-07-30 00:39:02,586 - pitch_analyzer - INFO - analyze_pitch_pdf:203 - Starting PDF pitch analysis - File: Pitch-Example-Air-BnB-PDF.pdf, Size: 862121 bytes
2025-07-30 00:39:02,586 - pitch_analyzer - INFO - extract_text_from_pdf:14 - Starting PDF text extraction for file: Pitch-Example-Air-BnB-PDF.pdf
2025-07-30 00:39:02,710 - pitch_analyzer - INFO - extract_text_from_pdf:37 - Successfully extracted 2624 characters using PyPDF2
2025-07-30 00:39:02,710 - pitch_analyzer - INFO - analyze_pitch_pdf:211 - PDF text extraction completed in 0.12s - Extracted 2624 characters
2025-07-30 00:39:02,727 - pitch_analyzer - INFO - analyze_pitch:86 - Starting pitch analysis 04473280-cf84-476e-bf55-673e52fd60fc
2025-07-30 00:39:54,113 - pitch_analyzer - INFO - analyze_pitch:104 - Analysis 04473280-cf84-476e-bf55-673e52fd60fc completed in 51.39s
2025-07-30 00:39:54,113 - pitch_analyzer - INFO - add_metrics_and_logging:68 - Request completed: POST /analyze_pdf - 200 - 51.575s
2025-07-30 00:42:56,267 - pitch_analyzer - INFO - add_metrics_and_logging:54 - Incoming request: POST /analyze_pdf
2025-07-30 00:42:56,303 - pitch_analyzer - WARNING - validate_file:47 - Could not determine file type for Pitch-Example-Air-BnB-PDF.pdf: 'Settings' object has no attribute 'allowed_file_types'
2025-07-30 00:42:56,305 - pitch_analyzer - INFO - analyze_pitch_pdf:203 - Starting PDF pitch analysis - File: Pitch-Example-Air-BnB-PDF.pdf, Size: 862121 bytes
2025-07-30 00:42:56,305 - pitch_analyzer - INFO - extract_text_from_pdf:14 - Starting PDF text extraction for file: Pitch-Example-Air-BnB-PDF.pdf
2025-07-30 00:42:56,444 - pitch_analyzer - INFO - extract_text_from_pdf:37 - Successfully extracted 2624 characters using PyPDF2
2025-07-30 00:42:56,444 - pitch_analyzer - INFO - analyze_pitch_pdf:211 - PDF text extraction completed in 0.14s - Extracted 2624 characters
2025-07-30 00:42:56,460 - pitch_analyzer - INFO - analyze_pitch:86 - Starting pitch analysis 64409d63-f8fd-4668-87bc-1d1c72ff8881
2025-07-30 00:43:15,206 - pitch_analyzer - INFO - analyze_pitch:104 - Analysis 64409d63-f8fd-4668-87bc-1d1c72ff8881 completed in 18.75s
2025-07-30 00:43:15,213 - pitch_analyzer - INFO - add_metrics_and_logging:68 - Request completed: POST /analyze_pdf - 200 - 18.947s
2025-07-30 00:49:20,725 - pitch_analyzer - INFO - add_metrics_and_logging:54 - Incoming request: POST /analyze_pdf
2025-07-30 00:49:20,787 - pitch_analyzer - WARNING - validate_file:47 - Could not determine file type for Pitch-Example-Air-BnB-PDF.pdf: 'Settings' object has no attribute 'allowed_file_types'
2025-07-30 00:49:20,787 - pitch_analyzer - INFO - analyze_pitch_pdf:203 - Starting PDF pitch analysis - File: Pitch-Example-Air-BnB-PDF.pdf, Size: 862121 bytes
2025-07-30 00:49:20,787 - pitch_analyzer - INFO - extract_text_from_pdf:14 - Starting PDF text extraction for file: Pitch-Example-Air-BnB-PDF.pdf
2025-07-30 00:49:21,400 - pitch_analyzer - INFO - extract_text_from_pdf:37 - Successfully extracted 2624 characters using PyPDF2
2025-07-30 00:49:21,400 - pitch_analyzer - INFO - analyze_pitch_pdf:211 - PDF text extraction completed in 0.61s - Extracted 2624 characters
2025-07-30 00:49:21,404 - pitch_analyzer - INFO - analyze_pitch:86 - Starting pitch analysis 94b67d5e-c8a0-46dc-8f29-674bf66da78c
2025-07-30 00:49:26,133 - pitch_analyzer - INFO - add_metrics_and_logging:54 - Incoming request: POST /analyze_pdf
2025-07-30 00:49:26,221 - pitch_analyzer - WARNING - validate_file:47 - Could not determine file type for about shoppin.pdf: 'Settings' object has no attribute 'allowed_file_types'
2025-07-30 00:49:26,221 - pitch_analyzer - INFO - analyze_pitch_pdf:203 - Starting PDF pitch analysis - File: about shoppin.pdf, Size: 9974118 bytes
2025-07-30 00:49:26,221 - pitch_analyzer - INFO - extract_text_from_pdf:14 - Starting PDF text extraction for file: about shoppin.pdf
2025-07-30 00:49:26,472 - pitch_analyzer - INFO - extract_text_from_pdf:37 - Successfully extracted 8511 characters using PyPDF2
2025-07-30 00:49:26,472 - pitch_analyzer - INFO - analyze_pitch_pdf:211 - PDF text extraction completed in 0.25s - Extracted 8511 characters
2025-07-30 00:49:26,485 - pitch_analyzer - INFO - analyze_pitch:86 - Starting pitch analysis 69e7d56e-6800-4c22-9137-0a6ea7fed0d4
2025-07-30 00:49:42,279 - pitch_analyzer - INFO - analyze_pitch:104 - Analysis 94b67d5e-c8a0-46dc-8f29-674bf66da78c completed in 20.87s
2025-07-30 00:49:42,285 - pitch_analyzer - INFO - add_metrics_and_logging:68 - Request completed: POST /analyze_pdf - 200 - 21.564s
2025-07-30 00:49:54,050 - pitch_analyzer - INFO - analyze_pitch:104 - Analysis 69e7d56e-6800-4c22-9137-0a6ea7fed0d4 completed in 27.56s
2025-07-30 00:49:54,051 - pitch_analyzer - INFO - add_metrics_and_logging:68 - Request completed: POST /analyze_pdf - 200 - 27.918s
2025-07-30 11:04:17,329 - pitch_analyzer - INFO - add_metrics_and_logging:54 - Incoming request: GET /
2025-07-30 11:04:17,331 - pitch_analyzer - INFO - add_metrics_and_logging:68 - Request completed: GET / - 200 - 0.002s
2025-07-30 11:04:17,555 - pitch_analyzer - INFO - add_metrics_and_logging:54 - Incoming request: GET /favicon.ico
2025-07-30 11:04:17,555 - pitch_analyzer - INFO - add_metrics_and_logging:68 - Request completed: GET /favicon.ico - 404 - 0.000s
2025-07-30 11:04:19,067 - pitch_analyzer - INFO - add_metrics_and_logging:54 - Incoming request: GET /docs
2025-07-30 11:04:19,069 - pitch_analyzer - INFO - add_metrics_and_logging:68 - Request completed: GET /docs - 200 - 0.000s
2025-07-30 11:04:20,221 - pitch_analyzer - INFO - add_metrics_and_logging:54 - Incoming request: GET /openapi.json
2025-07-30 11:04:20,234 - pitch_analyzer - INFO - add_metrics_and_logging:68 - Request completed: GET /openapi.json - 200 - 0.013s
2025-07-30 11:05:04,062 - pitch_analyzer - INFO - add_metrics_and_logging:54 - Incoming request: POST /analyze_pdf
2025-07-30 11:05:04,109 - pitch_analyzer - WARNING - validate_file:47 - Could not determine file type for 2025 campus hiring_Assessment prerequisite (1).pdf: 'Settings' object has no attribute 'allowed_file_types'
2025-07-30 11:05:04,109 - pitch_analyzer - INFO - analyze_pitch_pdf:203 - Starting PDF pitch analysis - File: 2025 campus hiring_Assessment prerequisite (1).pdf, Size: 744114 bytes
2025-07-30 11:05:04,109 - pitch_analyzer - INFO - extract_text_from_pdf:14 - Starting PDF text extraction for file: 2025 campus hiring_Assessment prerequisite (1).pdf
2025-07-30 11:05:04,357 - pitch_analyzer - INFO - extract_text_from_pdf:37 - Successfully extracted 18860 characters using PyPDF2
2025-07-30 11:05:04,357 - pitch_analyzer - INFO - analyze_pitch_pdf:211 - PDF text extraction completed in 0.25s - Extracted 18860 characters
2025-07-30 11:05:04,373 - pitch_analyzer - INFO - analyze_pitch:86 - Starting pitch analysis a5da8074-4772-464b-82cb-ae85e1559236
2025-07-30 11:05:17,827 - pitch_analyzer - INFO - analyze_pitch:104 - Analysis a5da8074-4772-464b-82cb-ae85e1559236 completed in 13.45s
2025-07-30 11:05:17,827 - pitch_analyzer - INFO - add_metrics_and_logging:68 - Request completed: POST /analyze_pdf - 200 - 13.765s
2025-07-30 11:08:16,882 - pitch_analyzer - INFO - add_metrics_and_logging:54 - Incoming request: POST /analyze_pdf
2025-07-30 11:08:17,036 - pitch_analyzer - WARNING - validate_file:47 - Could not determine file type for about shoppin.pdf: 'Settings' object has no attribute 'allowed_file_types'
2025-07-30 11:08:17,037 - pitch_analyzer - INFO - analyze_pitch_pdf:203 - Starting PDF pitch analysis - File: about shoppin.pdf, Size: 9974118 bytes
2025-07-30 11:08:17,037 - pitch_analyzer - INFO - extract_text_from_pdf:14 - Starting PDF text extraction for file: about shoppin.pdf
2025-07-30 11:08:17,315 - pitch_analyzer - INFO - extract_text_from_pdf:37 - Successfully extracted 8511 characters using PyPDF2
2025-07-30 11:08:17,315 - pitch_analyzer - INFO - analyze_pitch_pdf:211 - PDF text extraction completed in 0.28s - Extracted 8511 characters
2025-07-30 11:08:17,333 - pitch_analyzer - INFO - analyze_pitch:86 - Starting pitch analysis 15294491-3cf7-45e3-8f6d-5032f6d51064
2025-07-30 11:08:33,538 - pitch_analyzer - INFO - analyze_pitch:104 - Analysis 15294491-3cf7-45e3-8f6d-5032f6d51064 completed in 16.21s
2025-07-30 11:08:33,548 - pitch_analyzer - INFO - add_metrics_and_logging:68 - Request completed: POST /analyze_pdf - 200 - 16.666s
2025-07-30 13:10:27,601 - pitch_analyzer - INFO - add_metrics_and_logging:54 - Incoming request: POST /analyze_pdf
2025-07-30 13:10:27,749 - pitch_analyzer - WARNING - validate_file:47 - Could not determine file type for about shoppin.pdf: 'Settings' object has no attribute 'allowed_file_types'
2025-07-30 13:10:27,749 - pitch_analyzer - INFO - analyze_pitch_pdf:203 - Starting PDF pitch analysis - File: about shoppin.pdf, Size: 9974118 bytes
2025-07-30 13:10:27,749 - pitch_analyzer - INFO - extract_text_from_pdf:14 - Starting PDF text extraction for file: about shoppin.pdf
2025-07-30 13:10:28,132 - pitch_analyzer - INFO - extract_text_from_pdf:37 - Successfully extracted 8511 characters using PyPDF2
2025-07-30 13:10:28,132 - pitch_analyzer - INFO - analyze_pitch_pdf:211 - PDF text extraction completed in 0.38s - Extracted 8511 characters
2025-07-30 13:10:28,134 - pitch_analyzer - INFO - analyze_pitch:86 - Starting pitch analysis 19e3eaee-7c52-4125-a45e-554c241add04
2025-07-30 13:10:51,352 - pitch_analyzer - INFO - analyze_pitch:104 - Analysis 19e3eaee-7c52-4125-a45e-554c241add04 completed in 23.22s
2025-07-30 13:10:51,359 - pitch_analyzer - INFO - add_metrics_and_logging:68 - Request completed: POST /analyze_pdf - 200 - 23.758s
2025-07-30 13:13:55,838 - pitch_analyzer - INFO - add_metrics_and_logging:54 - Incoming request: GET /docs
2025-07-30 13:13:55,840 - pitch_analyzer - INFO - add_metrics_and_logging:68 - Request completed: GET /docs - 200 - 0.002s
2025-07-30 13:13:56,034 - pitch_analyzer - INFO - add_metrics_and_logging:54 - Incoming request: GET /openapi.json
2025-07-30 13:13:56,056 - pitch_analyzer - INFO - add_metrics_and_logging:68 - Request completed: GET /openapi.json - 200 - 0.021s
2025-07-30 13:14:05,745 - pitch_analyzer - INFO - add_metrics_and_logging:54 - Incoming request: POST /analyze_pdf
2025-07-30 13:14:05,840 - pitch_analyzer - WARNING - validate_file:47 - Could not determine file type for about shoppin.pdf: 'Settings' object has no attribute 'allowed_file_types'
2025-07-30 13:14:05,840 - pitch_analyzer - INFO - analyze_pitch_pdf:203 - Starting PDF pitch analysis - File: about shoppin.pdf, Size: 9974118 bytes
2025-07-30 13:14:05,840 - pitch_analyzer - INFO - extract_text_from_pdf:14 - Starting PDF text extraction for file: about shoppin.pdf
2025-07-30 13:14:06,084 - pitch_analyzer - INFO - extract_text_from_pdf:37 - Successfully extracted 8511 characters using PyPDF2
2025-07-30 13:14:06,084 - pitch_analyzer - INFO - analyze_pitch_pdf:211 - PDF text extraction completed in 0.24s - Extracted 8511 characters
2025-07-30 13:14:06,088 - pitch_analyzer - INFO - analyze_pitch:86 - Starting pitch analysis c750a5ab-303b-44c5-bae4-9ba8d5ccfdca
2025-07-30 13:14:23,354 - pitch_analyzer - INFO - analyze_pitch:104 - Analysis c750a5ab-303b-44c5-bae4-9ba8d5ccfdca completed in 17.27s
2025-07-30 13:14:23,357 - pitch_analyzer - INFO - add_metrics_and_logging:68 - Request completed: POST /analyze_pdf - 200 - 17.612s
2025-07-30 13:14:49,056 - pitch_analyzer - INFO - add_metrics_and_logging:54 - Incoming request: POST /analyze_pdf
2025-07-30 13:14:49,141 - pitch_analyzer - WARNING - validate_file:47 - Could not determine file type for about shoppin.pdf: 'Settings' object has no attribute 'allowed_file_types'
2025-07-30 13:14:49,141 - pitch_analyzer - INFO - analyze_pitch_pdf:203 - Starting PDF pitch analysis - File: about shoppin.pdf, Size: 9974118 bytes
2025-07-30 13:14:49,141 - pitch_analyzer - INFO - extract_text_from_pdf:14 - Starting PDF text extraction for file: about shoppin.pdf
2025-07-30 13:14:49,424 - pitch_analyzer - INFO - extract_text_from_pdf:37 - Successfully extracted 8511 characters using PyPDF2
2025-07-30 13:14:49,424 - pitch_analyzer - INFO - analyze_pitch_pdf:211 - PDF text extraction completed in 0.28s - Extracted 8511 characters
2025-07-30 13:14:49,434 - pitch_analyzer - INFO - analyze_pitch:86 - Starting pitch analysis 68e5664b-04d6-496e-8845-9dd0c6bb0e5a
2025-07-30 13:15:09,732 - pitch_analyzer - INFO - analyze_pitch:104 - Analysis 68e5664b-04d6-496e-8845-9dd0c6bb0e5a completed in 20.3s
2025-07-30 13:15:09,738 - pitch_analyzer - INFO - add_metrics_and_logging:68 - Request completed: POST /analyze_pdf - 200 - 20.682s
2025-07-30 14:06:47,132 - pitch_analyzer - INFO - add_metrics_and_logging:54 - Incoming request: POST /analyze_pdf
2025-07-30 14:06:47,298 - pitch_analyzer - WARNING - validate_file:47 - Could not determine file type for about shoppin.pdf: 'Settings' object has no attribute 'allowed_file_types'
2025-07-30 14:06:47,298 - pitch_analyzer - INFO - analyze_pitch_pdf:203 - Starting PDF pitch analysis - File: about shoppin.pdf, Size: 9974118 bytes
2025-07-30 14:06:47,298 - pitch_analyzer - INFO - extract_text_from_pdf:14 - Starting PDF text extraction for file: about shoppin.pdf
2025-07-30 14:06:47,574 - pitch_analyzer - INFO - extract_text_from_pdf:37 - Successfully extracted 8511 characters using PyPDF2
2025-07-30 14:06:47,574 - pitch_analyzer - INFO - analyze_pitch_pdf:211 - PDF text extraction completed in 0.28s - Extracted 8511 characters
2025-07-30 14:06:47,601 - pitch_analyzer - INFO - analyze_pitch:86 - Starting pitch analysis 54939652-00ac-49fd-9def-6cd839d1daf1
2025-07-30 14:06:48,973 - pitch_analyzer - ERROR - analyze_pitch:110 - Analysis 54939652-00ac-49fd-9def-6cd839d1daf1 failed after 1.37s: Error code: 400 - {'error': {'message': "This model's maximum context length is 8192 tokens. However, you requested 9342 tokens (5342 in the messages, 4000 in the completion). Please reduce the length of the messages or completion.", 'type': 'invalid_request_error', 'param': 'messages', 'code': 'context_length_exceeded'}}
2025-07-30 14:06:48,979 - pitch_analyzer - ERROR - analysis_exception_handler:107 - Analysis error: AI analysis failed: Error code: 400 - {'error': {'message': "This model's maximum context length is 8192 tokens. However, you requested 9342 tokens (5342 in the messages, 4000 in the completion). Please reduce the length of the messages or completion.", 'type': 'invalid_request_error', 'param': 'messages', 'code': 'context_length_exceeded'}}
2025-07-30 14:06:48,982 - pitch_analyzer - ERROR - add_metrics_and_logging:74 - Request failed: POST /analyze_pdf - Object of type datetime is not JSON serializable - 1.849s
2025-07-30 14:06:49,272 - pitch_analyzer - ERROR - general_exception_handler:118 - Unexpected error: Object of type datetime is not JSON serializable
  + Exception Group Traceback (most recent call last):
  |   File "E:\pitch_analyser\venv\Lib\site-packages\starlette\_utils.py", line 77, in collapse_excgroups
  |     yield
  |   File "E:\pitch_analyser\venv\Lib\site-packages\starlette\middleware\base.py", line 183, in __call__
  |     async with anyio.create_task_group() as task_group:
  |                ^^^^^^^^^^^^^^^^^^^^^^^^^
  |   File "E:\pitch_analyser\venv\Lib\site-packages\anyio\_backends\_asyncio.py", line 772, in __aexit__
  |     raise BaseExceptionGroup(
  | ExceptionGroup: unhandled errors in a TaskGroup (1 sub-exception)
  +-+---------------- 1 ----------------
    | Traceback (most recent call last):
    |   File "E:\pitch_analyser\venv\Lib\site-packages\starlette\middleware\errors.py", line 164, in __call__
    |     await self.app(scope, receive, _send)
    |   File "E:\pitch_analyser\venv\Lib\site-packages\starlette\middleware\base.py", line 182, in __call__
    |     with recv_stream, send_stream, collapse_excgroups():
    |                                    ^^^^^^^^^^^^^^^^^^^^
    |   File "C:\Python312\Lib\contextlib.py", line 158, in __exit__
    |     self.gen.throw(value)
    |   File "E:\pitch_analyser\venv\Lib\site-packages\starlette\_utils.py", line 83, in collapse_excgroups
    |     raise exc
    |   File "E:\pitch_analyser\venv\Lib\site-packages\starlette\middleware\base.py", line 184, in __call__
    |     response = await self.dispatch_func(request, call_next)
    |                ^^^^^^^^^^^^^^^^^^^^^^^^^^^^^^^^^^^^^^^^^^^^
    |   File "E:\pitch_analyser\api\main.py", line 57, in add_metrics_and_logging
    |     response = await call_next(request)
    |                ^^^^^^^^^^^^^^^^^^^^^^^^
    |   File "E:\pitch_analyser\venv\Lib\site-packages\starlette\middleware\base.py", line 159, in call_next
    |     raise app_exc
    |   File "E:\pitch_analyser\venv\Lib\site-packages\starlette\middleware\base.py", line 144, in coro
    |     await self.app(scope, receive_or_disconnect, send_no_error)
    |   File "E:\pitch_analyser\venv\Lib\site-packages\starlette\middleware\cors.py", line 93, in __call__
    |     await self.simple_response(scope, receive, send, request_headers=headers)
    |   File "E:\pitch_analyser\venv\Lib\site-packages\starlette\middleware\cors.py", line 144, in simple_response
    |     await self.app(scope, receive, send)
    |   File "E:\pitch_analyser\venv\Lib\site-packages\starlette\middleware\exceptions.py", line 63, in __call__
    |     await wrap_app_handling_exceptions(self.app, conn)(scope, receive, send)
    |   File "E:\pitch_analyser\venv\Lib\site-packages\starlette\_exception_handler.py", line 53, in wrapped_app
    |     raise exc
    |   File "E:\pitch_analyser\venv\Lib\site-packages\starlette\_exception_handler.py", line 42, in wrapped_app
    |     await app(scope, receive, sender)
    |   File "E:\pitch_analyser\venv\Lib\site-packages\starlette\routing.py", line 716, in __call__
    |     await self.middleware_stack(scope, receive, send)
    |   File "E:\pitch_analyser\venv\Lib\site-packages\starlette\routing.py", line 736, in app
    |     await route.handle(scope, receive, send)
    |   File "E:\pitch_analyser\venv\Lib\site-packages\starlette\routing.py", line 290, in handle
    |     await self.app(scope, receive, send)
    |   File "E:\pitch_analyser\venv\Lib\site-packages\starlette\routing.py", line 78, in app
    |     await wrap_app_handling_exceptions(app, request)(scope, receive, send)
    |   File "E:\pitch_analyser\venv\Lib\site-packages\starlette\_exception_handler.py", line 59, in wrapped_app
    |     response = await handler(conn, exc)
    |                ^^^^^^^^^^^^^^^^^^^^^^^^
    |   File "E:\pitch_analyser\api\main.py", line 108, in analysis_exception_handler
    |     return JSONResponse(
    |            ^^^^^^^^^^^^^
    |   File "E:\pitch_analyser\venv\Lib\site-packages\starlette\responses.py", line 190, in __init__
    |     super().__init__(content, status_code, headers, media_type, background)
    |   File "E:\pitch_analyser\venv\Lib\site-packages\starlette\responses.py", line 47, in __init__
    |     self.body = self.render(content)
    |                 ^^^^^^^^^^^^^^^^^^^^
    |   File "E:\pitch_analyser\venv\Lib\site-packages\starlette\responses.py", line 193, in render
    |     return json.dumps(
    |            ^^^^^^^^^^^
    |   File "C:\Python312\Lib\json\__init__.py", line 238, in dumps
    |     **kw).encode(obj)
    |           ^^^^^^^^^^^
    |   File "C:\Python312\Lib\json\encoder.py", line 200, in encode
    |     chunks = self.iterencode(o, _one_shot=True)
    |              ^^^^^^^^^^^^^^^^^^^^^^^^^^^^^^^^^^
    |   File "C:\Python312\Lib\json\encoder.py", line 258, in iterencode
    |     return _iterencode(o, 0)
    |            ^^^^^^^^^^^^^^^^^
    |   File "C:\Python312\Lib\json\encoder.py", line 180, in default
    |     raise TypeError(f'Object of type {o.__class__.__name__} '
    | TypeError: Object of type datetime is not JSON serializable
    +------------------------------------

During handling of the above exception, another exception occurred:

Traceback (most recent call last):
  File "E:\pitch_analyser\venv\Lib\site-packages\starlette\middleware\errors.py", line 164, in __call__
    await self.app(scope, receive, _send)
  File "E:\pitch_analyser\venv\Lib\site-packages\starlette\middleware\base.py", line 182, in __call__
    with recv_stream, send_stream, collapse_excgroups():
                                   ^^^^^^^^^^^^^^^^^^^^
  File "C:\Python312\Lib\contextlib.py", line 158, in __exit__
    self.gen.throw(value)
  File "E:\pitch_analyser\venv\Lib\site-packages\starlette\_utils.py", line 83, in collapse_excgroups
    raise exc
  File "E:\pitch_analyser\venv\Lib\site-packages\starlette\middleware\base.py", line 184, in __call__
    response = await self.dispatch_func(request, call_next)
               ^^^^^^^^^^^^^^^^^^^^^^^^^^^^^^^^^^^^^^^^^^^^
  File "E:\pitch_analyser\api\main.py", line 57, in add_metrics_and_logging
    response = await call_next(request)
               ^^^^^^^^^^^^^^^^^^^^^^^^
  File "E:\pitch_analyser\venv\Lib\site-packages\starlette\middleware\base.py", line 159, in call_next
    raise app_exc
  File "E:\pitch_analyser\venv\Lib\site-packages\starlette\middleware\base.py", line 144, in coro
    await self.app(scope, receive_or_disconnect, send_no_error)
  File "E:\pitch_analyser\venv\Lib\site-packages\starlette\middleware\cors.py", line 93, in __call__
    await self.simple_response(scope, receive, send, request_headers=headers)
  File "E:\pitch_analyser\venv\Lib\site-packages\starlette\middleware\cors.py", line 144, in simple_response
    await self.app(scope, receive, send)
  File "E:\pitch_analyser\venv\Lib\site-packages\starlette\middleware\exceptions.py", line 63, in __call__
    await wrap_app_handling_exceptions(self.app, conn)(scope, receive, send)
  File "E:\pitch_analyser\venv\Lib\site-packages\starlette\_exception_handler.py", line 53, in wrapped_app
    raise exc
  File "E:\pitch_analyser\venv\Lib\site-packages\starlette\_exception_handler.py", line 42, in wrapped_app
    await app(scope, receive, sender)
  File "E:\pitch_analyser\venv\Lib\site-packages\starlette\routing.py", line 716, in __call__
    await self.middleware_stack(scope, receive, send)
  File "E:\pitch_analyser\venv\Lib\site-packages\starlette\routing.py", line 736, in app
    await route.handle(scope, receive, send)
  File "E:\pitch_analyser\venv\Lib\site-packages\starlette\routing.py", line 290, in handle
    await self.app(scope, receive, send)
  File "E:\pitch_analyser\venv\Lib\site-packages\starlette\routing.py", line 78, in app
    await wrap_app_handling_exceptions(app, request)(scope, receive, send)
  File "E:\pitch_analyser\venv\Lib\site-packages\starlette\_exception_handler.py", line 59, in wrapped_app
    response = await handler(conn, exc)
               ^^^^^^^^^^^^^^^^^^^^^^^^
  File "E:\pitch_analyser\api\main.py", line 108, in analysis_exception_handler
    return JSONResponse(
           ^^^^^^^^^^^^^
  File "E:\pitch_analyser\venv\Lib\site-packages\starlette\responses.py", line 190, in __init__
    super().__init__(content, status_code, headers, media_type, background)
  File "E:\pitch_analyser\venv\Lib\site-packages\starlette\responses.py", line 47, in __init__
    self.body = self.render(content)
                ^^^^^^^^^^^^^^^^^^^^
  File "E:\pitch_analyser\venv\Lib\site-packages\starlette\responses.py", line 193, in render
    return json.dumps(
           ^^^^^^^^^^^
  File "C:\Python312\Lib\json\__init__.py", line 238, in dumps
    **kw).encode(obj)
          ^^^^^^^^^^^
  File "C:\Python312\Lib\json\encoder.py", line 200, in encode
    chunks = self.iterencode(o, _one_shot=True)
             ^^^^^^^^^^^^^^^^^^^^^^^^^^^^^^^^^^
  File "C:\Python312\Lib\json\encoder.py", line 258, in iterencode
    return _iterencode(o, 0)
           ^^^^^^^^^^^^^^^^^
  File "C:\Python312\Lib\json\encoder.py", line 180, in default
    raise TypeError(f'Object of type {o.__class__.__name__} '
TypeError: Object of type datetime is not JSON serializable

2025-07-30 14:09:39,537 - pitch_analyzer - INFO - add_metrics_and_logging:54 - Incoming request: POST /analyze_pdf
2025-07-30 14:09:39,635 - pitch_analyzer - WARNING - validate_file:47 - Could not determine file type for about shoppin.pdf: 'Settings' object has no attribute 'allowed_file_types'
2025-07-30 14:09:39,637 - pitch_analyzer - INFO - analyze_pitch_pdf:203 - Starting PDF pitch analysis - File: about shoppin.pdf, Size: 9974118 bytes
2025-07-30 14:09:39,637 - pitch_analyzer - INFO - extract_text_from_pdf:14 - Starting PDF text extraction for file: about shoppin.pdf
2025-07-30 14:09:40,097 - pitch_analyzer - INFO - extract_text_from_pdf:37 - Successfully extracted 8511 characters using PyPDF2
2025-07-30 14:09:40,098 - pitch_analyzer - INFO - analyze_pitch_pdf:211 - PDF text extraction completed in 0.46s - Extracted 8511 characters
2025-07-30 14:09:40,115 - pitch_analyzer - INFO - analyze_pitch:86 - Starting pitch analysis fcd6efd2-a6b1-41b8-b34f-f39b455ff58c
2025-07-30 14:09:54,213 - pitch_analyzer - INFO - analyze_pitch:104 - Analysis fcd6efd2-a6b1-41b8-b34f-f39b455ff58c completed in 14.1s
2025-07-30 14:09:54,218 - pitch_analyzer - INFO - add_metrics_and_logging:68 - Request completed: POST /analyze_pdf - 200 - 14.681s
2025-07-30 17:18:52,780 - pitch_analyzer - INFO - add_metrics_and_logging:54 - Incoming request: POST /analyze_pdf
2025-07-30 17:18:52,956 - pitch_analyzer - WARNING - validate_file:47 - Could not determine file type for about shoppin.pdf: 'Settings' object has no attribute 'allowed_file_types'
2025-07-30 17:18:52,957 - pitch_analyzer - INFO - analyze_pitch_pdf:203 - Starting PDF pitch analysis - File: about shoppin.pdf, Size: 9974118 bytes
2025-07-30 17:18:52,957 - pitch_analyzer - INFO - extract_text_from_pdf:14 - Starting PDF text extraction for file: about shoppin.pdf
2025-07-30 17:18:53,333 - pitch_analyzer - INFO - extract_text_from_pdf:37 - Successfully extracted 8511 characters using PyPDF2
2025-07-30 17:18:53,333 - pitch_analyzer - INFO - analyze_pitch_pdf:211 - PDF text extraction completed in 0.38s - Extracted 8511 characters
2025-07-30 17:18:53,362 - pitch_analyzer - INFO - analyze_pitch:86 - Starting pitch analysis be8a14c9-05ce-4401-a678-21a6109e0865
2025-07-30 17:19:29,707 - pitch_analyzer - INFO - analyze_pitch:104 - Analysis be8a14c9-05ce-4401-a678-21a6109e0865 completed in 36.35s
2025-07-30 17:19:29,717 - pitch_analyzer - INFO - add_metrics_and_logging:68 - Request completed: POST /analyze_pdf - 200 - 36.936s
2025-07-30 17:20:25,008 - pitch_analyzer - INFO - add_metrics_and_logging:54 - Incoming request: POST /analyze_pdf
2025-07-30 17:20:25,189 - pitch_analyzer - WARNING - validate_file:47 - Could not determine file type for about shoppin.pdf: 'Settings' object has no attribute 'allowed_file_types'
2025-07-30 17:20:25,202 - pitch_analyzer - INFO - analyze_pitch_pdf:203 - Starting PDF pitch analysis - File: about shoppin.pdf, Size: 9974118 bytes
2025-07-30 17:20:25,203 - pitch_analyzer - INFO - extract_text_from_pdf:14 - Starting PDF text extraction for file: about shoppin.pdf
2025-07-30 17:20:25,673 - pitch_analyzer - INFO - extract_text_from_pdf:37 - Successfully extracted 8511 characters using PyPDF2
2025-07-30 17:20:25,673 - pitch_analyzer - INFO - analyze_pitch_pdf:211 - PDF text extraction completed in 0.47s - Extracted 8511 characters
2025-07-30 17:20:25,673 - pitch_analyzer - INFO - analyze_pitch:86 - Starting pitch analysis db04f2e2-18c9-4fa0-b268-2eecb6e9e5fa
2025-07-30 17:20:47,468 - pitch_analyzer - INFO - analyze_pitch:104 - Analysis db04f2e2-18c9-4fa0-b268-2eecb6e9e5fa completed in 21.8s
2025-07-30 17:20:47,478 - pitch_analyzer - INFO - add_metrics_and_logging:68 - Request completed: POST /analyze_pdf - 200 - 22.470s
2025-07-30 17:45:40,439 - pitch_analyzer - INFO - add_metrics_and_logging:54 - Incoming request: GET /
2025-07-30 17:45:40,518 - pitch_analyzer - INFO - add_metrics_and_logging:68 - Request completed: GET / - 200 - 0.078s
2025-07-30 17:45:43,306 - pitch_analyzer - INFO - add_metrics_and_logging:54 - Incoming request: GET /docs
2025-07-30 17:45:43,316 - pitch_analyzer - INFO - add_metrics_and_logging:68 - Request completed: GET /docs - 200 - 0.010s
2025-07-30 17:45:43,754 - pitch_analyzer - INFO - add_metrics_and_logging:54 - Incoming request: GET /openapi.json
2025-07-30 17:45:44,037 - pitch_analyzer - INFO - add_metrics_and_logging:68 - Request completed: GET /openapi.json - 200 - 0.285s
2025-07-30 17:45:53,253 - pitch_analyzer - INFO - add_metrics_and_logging:54 - Incoming request: POST /analyze_pdf
2025-07-30 17:45:53,529 - pitch_analyzer - WARNING - validate_file:47 - Could not determine file type for about shoppin.pdf: 'Settings' object has no attribute 'allowed_file_types'
2025-07-30 17:45:53,529 - pitch_analyzer - INFO - analyze_pitch_pdf:203 - Starting PDF pitch analysis - File: about shoppin.pdf, Size: 9974118 bytes
2025-07-30 17:45:53,540 - pitch_analyzer - INFO - extract_text_from_pdf:14 - Starting PDF text extraction for file: about shoppin.pdf
2025-07-30 17:45:54,589 - pitch_analyzer - INFO - extract_text_from_pdf:37 - Successfully extracted 8511 characters using PyPDF2
2025-07-30 17:45:54,589 - pitch_analyzer - INFO - analyze_pitch_pdf:211 - PDF text extraction completed in 1.06s - Extracted 8511 characters
2025-07-30 17:45:54,598 - pitch_analyzer - INFO - analyze_pitch:86 - Starting pitch analysis 4046c57c-c4ae-47bc-a95b-125f20f1ff51
2025-07-30 17:46:14,373 - pitch_analyzer - INFO - analyze_pitch:104 - Analysis 4046c57c-c4ae-47bc-a95b-125f20f1ff51 completed in 19.78s
2025-07-30 17:46:14,401 - pitch_analyzer - INFO - add_metrics_and_logging:68 - Request completed: POST /analyze_pdf - 200 - 21.147s
2025-07-30 17:54:20,776 - pitch_analyzer - INFO - add_metrics_and_logging:54 - Incoming request: POST /analyze_pdf
2025-07-30 17:54:21,242 - pitch_analyzer - WARNING - validate_file:47 - Could not determine file type for about shoppin.pdf: 'Settings' object has no attribute 'allowed_file_types'
2025-07-30 17:54:21,248 - pitch_analyzer - INFO - analyze_pitch_pdf:203 - Starting PDF pitch analysis - File: about shoppin.pdf, Size: 9974118 bytes
2025-07-30 17:54:21,251 - pitch_analyzer - INFO - extract_text_from_pdf:14 - Starting PDF text extraction for file: about shoppin.pdf
2025-07-30 17:54:21,644 - pitch_analyzer - INFO - extract_text_from_pdf:37 - Successfully extracted 8511 characters using PyPDF2
2025-07-30 17:54:21,644 - pitch_analyzer - INFO - analyze_pitch_pdf:211 - PDF text extraction completed in 0.40s - Extracted 8511 characters
2025-07-30 17:54:21,694 - pitch_analyzer - INFO - analyze_pitch:86 - Starting pitch analysis 25784dfc-40d9-46e2-93f7-01c4d307fcd1
2025-07-30 17:54:44,520 - pitch_analyzer - INFO - analyze_pitch:104 - Analysis 25784dfc-40d9-46e2-93f7-01c4d307fcd1 completed in 22.83s
2025-07-30 17:54:44,542 - pitch_analyzer - INFO - add_metrics_and_logging:68 - Request completed: POST /analyze_pdf - 200 - 23.783s
2025-07-30 17:58:35,613 - pitch_analyzer - INFO - add_metrics_and_logging:54 - Incoming request: POST /analyze_pdf
2025-07-30 17:58:35,857 - pitch_analyzer - WARNING - validate_file:47 - Could not determine file type for about shoppin.pdf: 'Settings' object has no attribute 'allowed_file_types'
2025-07-30 17:58:35,860 - pitch_analyzer - INFO - analyze_pitch_pdf:203 - Starting PDF pitch analysis - File: about shoppin.pdf, Size: 9974118 bytes
2025-07-30 17:58:35,860 - pitch_analyzer - INFO - extract_text_from_pdf:14 - Starting PDF text extraction for file: about shoppin.pdf
2025-07-30 17:58:36,988 - pitch_analyzer - INFO - extract_text_from_pdf:37 - Successfully extracted 8511 characters using PyPDF2
2025-07-30 17:58:36,988 - pitch_analyzer - INFO - analyze_pitch_pdf:211 - PDF text extraction completed in 1.13s - Extracted 8511 characters
2025-07-30 17:58:36,993 - pitch_analyzer - INFO - analyze_pitch:86 - Starting pitch analysis d8bb17b4-063f-4109-97eb-374dbdc85b33
2025-07-30 17:58:54,985 - pitch_analyzer - INFO - analyze_pitch:104 - Analysis d8bb17b4-063f-4109-97eb-374dbdc85b33 completed in 17.99s
2025-07-30 17:58:54,996 - pitch_analyzer - INFO - add_metrics_and_logging:68 - Request completed: POST /analyze_pdf - 200 - 19.386s
=======
2025-07-30 00:04:40,950 - pitch_analyzer - INFO - add_metrics_and_logging:54 - Incoming request: GET /
2025-07-30 00:04:40,986 - pitch_analyzer - INFO - add_metrics_and_logging:68 - Request completed: GET / - 200 - 0.038s
2025-07-30 00:04:49,175 - pitch_analyzer - INFO - add_metrics_and_logging:54 - Incoming request: GET /docs
2025-07-30 00:04:49,183 - pitch_analyzer - INFO - add_metrics_and_logging:68 - Request completed: GET /docs - 200 - 0.007s
2025-07-30 00:04:49,621 - pitch_analyzer - INFO - add_metrics_and_logging:54 - Incoming request: GET /openapi.json
2025-07-30 00:04:49,735 - pitch_analyzer - INFO - add_metrics_and_logging:68 - Request completed: GET /openapi.json - 200 - 0.115s
2025-07-30 00:05:06,164 - pitch_analyzer - INFO - add_metrics_and_logging:54 - Incoming request: POST /analyze_pdf
2025-07-30 00:05:06,298 - pitch_analyzer - WARNING - validate_file:47 - Could not determine file type for Pitch-Example-Air-BnB-PDF.pdf: 'Settings' object has no attribute 'allowed_file_types'
2025-07-30 00:05:06,298 - pitch_analyzer - INFO - analyze_pitch_pdf:203 - Starting PDF pitch analysis - File: Pitch-Example-Air-BnB-PDF.pdf, Size: 862121 bytes
2025-07-30 00:05:06,298 - pitch_analyzer - INFO - extract_text_from_pdf:14 - Starting PDF text extraction for file: Pitch-Example-Air-BnB-PDF.pdf
2025-07-30 00:05:06,527 - pitch_analyzer - INFO - extract_text_from_pdf:37 - Successfully extracted 2624 characters using PyPDF2
2025-07-30 00:05:06,527 - pitch_analyzer - INFO - analyze_pitch_pdf:211 - PDF text extraction completed in 0.23s - Extracted 2624 characters
2025-07-30 00:05:06,590 - pitch_analyzer - INFO - analyze_pitch:86 - Starting pitch analysis e863fde4-38c8-496a-b46b-05d0cb334708
2025-07-30 00:05:35,048 - pitch_analyzer - INFO - analyze_pitch:104 - Analysis e863fde4-38c8-496a-b46b-05d0cb334708 completed in 28.47s
2025-07-30 00:05:35,061 - pitch_analyzer - INFO - add_metrics_and_logging:68 - Request completed: POST /analyze_pdf - 200 - 28.897s
2025-07-30 00:39:02,538 - pitch_analyzer - INFO - add_metrics_and_logging:54 - Incoming request: POST /analyze_pdf
2025-07-30 00:39:02,586 - pitch_analyzer - WARNING - validate_file:47 - Could not determine file type for Pitch-Example-Air-BnB-PDF.pdf: 'Settings' object has no attribute 'allowed_file_types'
2025-07-30 00:39:02,586 - pitch_analyzer - INFO - analyze_pitch_pdf:203 - Starting PDF pitch analysis - File: Pitch-Example-Air-BnB-PDF.pdf, Size: 862121 bytes
2025-07-30 00:39:02,586 - pitch_analyzer - INFO - extract_text_from_pdf:14 - Starting PDF text extraction for file: Pitch-Example-Air-BnB-PDF.pdf
2025-07-30 00:39:02,710 - pitch_analyzer - INFO - extract_text_from_pdf:37 - Successfully extracted 2624 characters using PyPDF2
2025-07-30 00:39:02,710 - pitch_analyzer - INFO - analyze_pitch_pdf:211 - PDF text extraction completed in 0.12s - Extracted 2624 characters
2025-07-30 00:39:02,727 - pitch_analyzer - INFO - analyze_pitch:86 - Starting pitch analysis 04473280-cf84-476e-bf55-673e52fd60fc
2025-07-30 00:39:54,113 - pitch_analyzer - INFO - analyze_pitch:104 - Analysis 04473280-cf84-476e-bf55-673e52fd60fc completed in 51.39s
2025-07-30 00:39:54,113 - pitch_analyzer - INFO - add_metrics_and_logging:68 - Request completed: POST /analyze_pdf - 200 - 51.575s
2025-07-30 00:42:56,267 - pitch_analyzer - INFO - add_metrics_and_logging:54 - Incoming request: POST /analyze_pdf
2025-07-30 00:42:56,303 - pitch_analyzer - WARNING - validate_file:47 - Could not determine file type for Pitch-Example-Air-BnB-PDF.pdf: 'Settings' object has no attribute 'allowed_file_types'
2025-07-30 00:42:56,305 - pitch_analyzer - INFO - analyze_pitch_pdf:203 - Starting PDF pitch analysis - File: Pitch-Example-Air-BnB-PDF.pdf, Size: 862121 bytes
2025-07-30 00:42:56,305 - pitch_analyzer - INFO - extract_text_from_pdf:14 - Starting PDF text extraction for file: Pitch-Example-Air-BnB-PDF.pdf
2025-07-30 00:42:56,444 - pitch_analyzer - INFO - extract_text_from_pdf:37 - Successfully extracted 2624 characters using PyPDF2
2025-07-30 00:42:56,444 - pitch_analyzer - INFO - analyze_pitch_pdf:211 - PDF text extraction completed in 0.14s - Extracted 2624 characters
2025-07-30 00:42:56,460 - pitch_analyzer - INFO - analyze_pitch:86 - Starting pitch analysis 64409d63-f8fd-4668-87bc-1d1c72ff8881
2025-07-30 00:43:15,206 - pitch_analyzer - INFO - analyze_pitch:104 - Analysis 64409d63-f8fd-4668-87bc-1d1c72ff8881 completed in 18.75s
2025-07-30 00:43:15,213 - pitch_analyzer - INFO - add_metrics_and_logging:68 - Request completed: POST /analyze_pdf - 200 - 18.947s
2025-07-30 00:49:20,725 - pitch_analyzer - INFO - add_metrics_and_logging:54 - Incoming request: POST /analyze_pdf
2025-07-30 00:49:20,787 - pitch_analyzer - WARNING - validate_file:47 - Could not determine file type for Pitch-Example-Air-BnB-PDF.pdf: 'Settings' object has no attribute 'allowed_file_types'
2025-07-30 00:49:20,787 - pitch_analyzer - INFO - analyze_pitch_pdf:203 - Starting PDF pitch analysis - File: Pitch-Example-Air-BnB-PDF.pdf, Size: 862121 bytes
2025-07-30 00:49:20,787 - pitch_analyzer - INFO - extract_text_from_pdf:14 - Starting PDF text extraction for file: Pitch-Example-Air-BnB-PDF.pdf
2025-07-30 00:49:21,400 - pitch_analyzer - INFO - extract_text_from_pdf:37 - Successfully extracted 2624 characters using PyPDF2
2025-07-30 00:49:21,400 - pitch_analyzer - INFO - analyze_pitch_pdf:211 - PDF text extraction completed in 0.61s - Extracted 2624 characters
2025-07-30 00:49:21,404 - pitch_analyzer - INFO - analyze_pitch:86 - Starting pitch analysis 94b67d5e-c8a0-46dc-8f29-674bf66da78c
2025-07-30 00:49:26,133 - pitch_analyzer - INFO - add_metrics_and_logging:54 - Incoming request: POST /analyze_pdf
2025-07-30 00:49:26,221 - pitch_analyzer - WARNING - validate_file:47 - Could not determine file type for about shoppin.pdf: 'Settings' object has no attribute 'allowed_file_types'
2025-07-30 00:49:26,221 - pitch_analyzer - INFO - analyze_pitch_pdf:203 - Starting PDF pitch analysis - File: about shoppin.pdf, Size: 9974118 bytes
2025-07-30 00:49:26,221 - pitch_analyzer - INFO - extract_text_from_pdf:14 - Starting PDF text extraction for file: about shoppin.pdf
2025-07-30 00:49:26,472 - pitch_analyzer - INFO - extract_text_from_pdf:37 - Successfully extracted 8511 characters using PyPDF2
2025-07-30 00:49:26,472 - pitch_analyzer - INFO - analyze_pitch_pdf:211 - PDF text extraction completed in 0.25s - Extracted 8511 characters
2025-07-30 00:49:26,485 - pitch_analyzer - INFO - analyze_pitch:86 - Starting pitch analysis 69e7d56e-6800-4c22-9137-0a6ea7fed0d4
2025-07-30 00:49:42,279 - pitch_analyzer - INFO - analyze_pitch:104 - Analysis 94b67d5e-c8a0-46dc-8f29-674bf66da78c completed in 20.87s
2025-07-30 00:49:42,285 - pitch_analyzer - INFO - add_metrics_and_logging:68 - Request completed: POST /analyze_pdf - 200 - 21.564s
2025-07-30 00:49:54,050 - pitch_analyzer - INFO - analyze_pitch:104 - Analysis 69e7d56e-6800-4c22-9137-0a6ea7fed0d4 completed in 27.56s
2025-07-30 00:49:54,051 - pitch_analyzer - INFO - add_metrics_and_logging:68 - Request completed: POST /analyze_pdf - 200 - 27.918s
2025-07-30 11:04:17,329 - pitch_analyzer - INFO - add_metrics_and_logging:54 - Incoming request: GET /
2025-07-30 11:04:17,331 - pitch_analyzer - INFO - add_metrics_and_logging:68 - Request completed: GET / - 200 - 0.002s
2025-07-30 11:04:17,555 - pitch_analyzer - INFO - add_metrics_and_logging:54 - Incoming request: GET /favicon.ico
2025-07-30 11:04:17,555 - pitch_analyzer - INFO - add_metrics_and_logging:68 - Request completed: GET /favicon.ico - 404 - 0.000s
2025-07-30 11:04:19,067 - pitch_analyzer - INFO - add_metrics_and_logging:54 - Incoming request: GET /docs
2025-07-30 11:04:19,069 - pitch_analyzer - INFO - add_metrics_and_logging:68 - Request completed: GET /docs - 200 - 0.000s
2025-07-30 11:04:20,221 - pitch_analyzer - INFO - add_metrics_and_logging:54 - Incoming request: GET /openapi.json
2025-07-30 11:04:20,234 - pitch_analyzer - INFO - add_metrics_and_logging:68 - Request completed: GET /openapi.json - 200 - 0.013s
2025-07-30 11:05:04,062 - pitch_analyzer - INFO - add_metrics_and_logging:54 - Incoming request: POST /analyze_pdf
2025-07-30 11:05:04,109 - pitch_analyzer - WARNING - validate_file:47 - Could not determine file type for 2025 campus hiring_Assessment prerequisite (1).pdf: 'Settings' object has no attribute 'allowed_file_types'
2025-07-30 11:05:04,109 - pitch_analyzer - INFO - analyze_pitch_pdf:203 - Starting PDF pitch analysis - File: 2025 campus hiring_Assessment prerequisite (1).pdf, Size: 744114 bytes
2025-07-30 11:05:04,109 - pitch_analyzer - INFO - extract_text_from_pdf:14 - Starting PDF text extraction for file: 2025 campus hiring_Assessment prerequisite (1).pdf
2025-07-30 11:05:04,357 - pitch_analyzer - INFO - extract_text_from_pdf:37 - Successfully extracted 18860 characters using PyPDF2
2025-07-30 11:05:04,357 - pitch_analyzer - INFO - analyze_pitch_pdf:211 - PDF text extraction completed in 0.25s - Extracted 18860 characters
2025-07-30 11:05:04,373 - pitch_analyzer - INFO - analyze_pitch:86 - Starting pitch analysis a5da8074-4772-464b-82cb-ae85e1559236
2025-07-30 11:05:17,827 - pitch_analyzer - INFO - analyze_pitch:104 - Analysis a5da8074-4772-464b-82cb-ae85e1559236 completed in 13.45s
2025-07-30 11:05:17,827 - pitch_analyzer - INFO - add_metrics_and_logging:68 - Request completed: POST /analyze_pdf - 200 - 13.765s
2025-07-30 11:08:16,882 - pitch_analyzer - INFO - add_metrics_and_logging:54 - Incoming request: POST /analyze_pdf
2025-07-30 11:08:17,036 - pitch_analyzer - WARNING - validate_file:47 - Could not determine file type for about shoppin.pdf: 'Settings' object has no attribute 'allowed_file_types'
2025-07-30 11:08:17,037 - pitch_analyzer - INFO - analyze_pitch_pdf:203 - Starting PDF pitch analysis - File: about shoppin.pdf, Size: 9974118 bytes
2025-07-30 11:08:17,037 - pitch_analyzer - INFO - extract_text_from_pdf:14 - Starting PDF text extraction for file: about shoppin.pdf
2025-07-30 11:08:17,315 - pitch_analyzer - INFO - extract_text_from_pdf:37 - Successfully extracted 8511 characters using PyPDF2
2025-07-30 11:08:17,315 - pitch_analyzer - INFO - analyze_pitch_pdf:211 - PDF text extraction completed in 0.28s - Extracted 8511 characters
2025-07-30 11:08:17,333 - pitch_analyzer - INFO - analyze_pitch:86 - Starting pitch analysis 15294491-3cf7-45e3-8f6d-5032f6d51064
2025-07-30 11:08:33,538 - pitch_analyzer - INFO - analyze_pitch:104 - Analysis 15294491-3cf7-45e3-8f6d-5032f6d51064 completed in 16.21s
2025-07-30 11:08:33,548 - pitch_analyzer - INFO - add_metrics_and_logging:68 - Request completed: POST /analyze_pdf - 200 - 16.666s
2025-07-30 13:10:27,601 - pitch_analyzer - INFO - add_metrics_and_logging:54 - Incoming request: POST /analyze_pdf
2025-07-30 13:10:27,749 - pitch_analyzer - WARNING - validate_file:47 - Could not determine file type for about shoppin.pdf: 'Settings' object has no attribute 'allowed_file_types'
2025-07-30 13:10:27,749 - pitch_analyzer - INFO - analyze_pitch_pdf:203 - Starting PDF pitch analysis - File: about shoppin.pdf, Size: 9974118 bytes
2025-07-30 13:10:27,749 - pitch_analyzer - INFO - extract_text_from_pdf:14 - Starting PDF text extraction for file: about shoppin.pdf
2025-07-30 13:10:28,132 - pitch_analyzer - INFO - extract_text_from_pdf:37 - Successfully extracted 8511 characters using PyPDF2
2025-07-30 13:10:28,132 - pitch_analyzer - INFO - analyze_pitch_pdf:211 - PDF text extraction completed in 0.38s - Extracted 8511 characters
2025-07-30 13:10:28,134 - pitch_analyzer - INFO - analyze_pitch:86 - Starting pitch analysis 19e3eaee-7c52-4125-a45e-554c241add04
2025-07-30 13:10:51,352 - pitch_analyzer - INFO - analyze_pitch:104 - Analysis 19e3eaee-7c52-4125-a45e-554c241add04 completed in 23.22s
2025-07-30 13:10:51,359 - pitch_analyzer - INFO - add_metrics_and_logging:68 - Request completed: POST /analyze_pdf - 200 - 23.758s
2025-07-30 13:13:55,838 - pitch_analyzer - INFO - add_metrics_and_logging:54 - Incoming request: GET /docs
2025-07-30 13:13:55,840 - pitch_analyzer - INFO - add_metrics_and_logging:68 - Request completed: GET /docs - 200 - 0.002s
2025-07-30 13:13:56,034 - pitch_analyzer - INFO - add_metrics_and_logging:54 - Incoming request: GET /openapi.json
2025-07-30 13:13:56,056 - pitch_analyzer - INFO - add_metrics_and_logging:68 - Request completed: GET /openapi.json - 200 - 0.021s
2025-07-30 13:14:05,745 - pitch_analyzer - INFO - add_metrics_and_logging:54 - Incoming request: POST /analyze_pdf
2025-07-30 13:14:05,840 - pitch_analyzer - WARNING - validate_file:47 - Could not determine file type for about shoppin.pdf: 'Settings' object has no attribute 'allowed_file_types'
2025-07-30 13:14:05,840 - pitch_analyzer - INFO - analyze_pitch_pdf:203 - Starting PDF pitch analysis - File: about shoppin.pdf, Size: 9974118 bytes
2025-07-30 13:14:05,840 - pitch_analyzer - INFO - extract_text_from_pdf:14 - Starting PDF text extraction for file: about shoppin.pdf
2025-07-30 13:14:06,084 - pitch_analyzer - INFO - extract_text_from_pdf:37 - Successfully extracted 8511 characters using PyPDF2
2025-07-30 13:14:06,084 - pitch_analyzer - INFO - analyze_pitch_pdf:211 - PDF text extraction completed in 0.24s - Extracted 8511 characters
2025-07-30 13:14:06,088 - pitch_analyzer - INFO - analyze_pitch:86 - Starting pitch analysis c750a5ab-303b-44c5-bae4-9ba8d5ccfdca
2025-07-30 13:14:23,354 - pitch_analyzer - INFO - analyze_pitch:104 - Analysis c750a5ab-303b-44c5-bae4-9ba8d5ccfdca completed in 17.27s
2025-07-30 13:14:23,357 - pitch_analyzer - INFO - add_metrics_and_logging:68 - Request completed: POST /analyze_pdf - 200 - 17.612s
2025-07-30 13:14:49,056 - pitch_analyzer - INFO - add_metrics_and_logging:54 - Incoming request: POST /analyze_pdf
2025-07-30 13:14:49,141 - pitch_analyzer - WARNING - validate_file:47 - Could not determine file type for about shoppin.pdf: 'Settings' object has no attribute 'allowed_file_types'
2025-07-30 13:14:49,141 - pitch_analyzer - INFO - analyze_pitch_pdf:203 - Starting PDF pitch analysis - File: about shoppin.pdf, Size: 9974118 bytes
2025-07-30 13:14:49,141 - pitch_analyzer - INFO - extract_text_from_pdf:14 - Starting PDF text extraction for file: about shoppin.pdf
2025-07-30 13:14:49,424 - pitch_analyzer - INFO - extract_text_from_pdf:37 - Successfully extracted 8511 characters using PyPDF2
2025-07-30 13:14:49,424 - pitch_analyzer - INFO - analyze_pitch_pdf:211 - PDF text extraction completed in 0.28s - Extracted 8511 characters
2025-07-30 13:14:49,434 - pitch_analyzer - INFO - analyze_pitch:86 - Starting pitch analysis 68e5664b-04d6-496e-8845-9dd0c6bb0e5a
2025-07-30 13:15:09,732 - pitch_analyzer - INFO - analyze_pitch:104 - Analysis 68e5664b-04d6-496e-8845-9dd0c6bb0e5a completed in 20.3s
2025-07-30 13:15:09,738 - pitch_analyzer - INFO - add_metrics_and_logging:68 - Request completed: POST /analyze_pdf - 200 - 20.682s
2025-07-30 14:06:47,132 - pitch_analyzer - INFO - add_metrics_and_logging:54 - Incoming request: POST /analyze_pdf
2025-07-30 14:06:47,298 - pitch_analyzer - WARNING - validate_file:47 - Could not determine file type for about shoppin.pdf: 'Settings' object has no attribute 'allowed_file_types'
2025-07-30 14:06:47,298 - pitch_analyzer - INFO - analyze_pitch_pdf:203 - Starting PDF pitch analysis - File: about shoppin.pdf, Size: 9974118 bytes
2025-07-30 14:06:47,298 - pitch_analyzer - INFO - extract_text_from_pdf:14 - Starting PDF text extraction for file: about shoppin.pdf
2025-07-30 14:06:47,574 - pitch_analyzer - INFO - extract_text_from_pdf:37 - Successfully extracted 8511 characters using PyPDF2
2025-07-30 14:06:47,574 - pitch_analyzer - INFO - analyze_pitch_pdf:211 - PDF text extraction completed in 0.28s - Extracted 8511 characters
2025-07-30 14:06:47,601 - pitch_analyzer - INFO - analyze_pitch:86 - Starting pitch analysis 54939652-00ac-49fd-9def-6cd839d1daf1
2025-07-30 14:06:48,973 - pitch_analyzer - ERROR - analyze_pitch:110 - Analysis 54939652-00ac-49fd-9def-6cd839d1daf1 failed after 1.37s: Error code: 400 - {'error': {'message': "This model's maximum context length is 8192 tokens. However, you requested 9342 tokens (5342 in the messages, 4000 in the completion). Please reduce the length of the messages or completion.", 'type': 'invalid_request_error', 'param': 'messages', 'code': 'context_length_exceeded'}}
2025-07-30 14:06:48,979 - pitch_analyzer - ERROR - analysis_exception_handler:107 - Analysis error: AI analysis failed: Error code: 400 - {'error': {'message': "This model's maximum context length is 8192 tokens. However, you requested 9342 tokens (5342 in the messages, 4000 in the completion). Please reduce the length of the messages or completion.", 'type': 'invalid_request_error', 'param': 'messages', 'code': 'context_length_exceeded'}}
2025-07-30 14:06:48,982 - pitch_analyzer - ERROR - add_metrics_and_logging:74 - Request failed: POST /analyze_pdf - Object of type datetime is not JSON serializable - 1.849s
2025-07-30 14:06:49,272 - pitch_analyzer - ERROR - general_exception_handler:118 - Unexpected error: Object of type datetime is not JSON serializable
  + Exception Group Traceback (most recent call last):
  |   File "E:\pitch_analyser\venv\Lib\site-packages\starlette\_utils.py", line 77, in collapse_excgroups
  |     yield
  |   File "E:\pitch_analyser\venv\Lib\site-packages\starlette\middleware\base.py", line 183, in __call__
  |     async with anyio.create_task_group() as task_group:
  |                ^^^^^^^^^^^^^^^^^^^^^^^^^
  |   File "E:\pitch_analyser\venv\Lib\site-packages\anyio\_backends\_asyncio.py", line 772, in __aexit__
  |     raise BaseExceptionGroup(
  | ExceptionGroup: unhandled errors in a TaskGroup (1 sub-exception)
  +-+---------------- 1 ----------------
    | Traceback (most recent call last):
    |   File "E:\pitch_analyser\venv\Lib\site-packages\starlette\middleware\errors.py", line 164, in __call__
    |     await self.app(scope, receive, _send)
    |   File "E:\pitch_analyser\venv\Lib\site-packages\starlette\middleware\base.py", line 182, in __call__
    |     with recv_stream, send_stream, collapse_excgroups():
    |                                    ^^^^^^^^^^^^^^^^^^^^
    |   File "C:\Python312\Lib\contextlib.py", line 158, in __exit__
    |     self.gen.throw(value)
    |   File "E:\pitch_analyser\venv\Lib\site-packages\starlette\_utils.py", line 83, in collapse_excgroups
    |     raise exc
    |   File "E:\pitch_analyser\venv\Lib\site-packages\starlette\middleware\base.py", line 184, in __call__
    |     response = await self.dispatch_func(request, call_next)
    |                ^^^^^^^^^^^^^^^^^^^^^^^^^^^^^^^^^^^^^^^^^^^^
    |   File "E:\pitch_analyser\api\main.py", line 57, in add_metrics_and_logging
    |     response = await call_next(request)
    |                ^^^^^^^^^^^^^^^^^^^^^^^^
    |   File "E:\pitch_analyser\venv\Lib\site-packages\starlette\middleware\base.py", line 159, in call_next
    |     raise app_exc
    |   File "E:\pitch_analyser\venv\Lib\site-packages\starlette\middleware\base.py", line 144, in coro
    |     await self.app(scope, receive_or_disconnect, send_no_error)
    |   File "E:\pitch_analyser\venv\Lib\site-packages\starlette\middleware\cors.py", line 93, in __call__
    |     await self.simple_response(scope, receive, send, request_headers=headers)
    |   File "E:\pitch_analyser\venv\Lib\site-packages\starlette\middleware\cors.py", line 144, in simple_response
    |     await self.app(scope, receive, send)
    |   File "E:\pitch_analyser\venv\Lib\site-packages\starlette\middleware\exceptions.py", line 63, in __call__
    |     await wrap_app_handling_exceptions(self.app, conn)(scope, receive, send)
    |   File "E:\pitch_analyser\venv\Lib\site-packages\starlette\_exception_handler.py", line 53, in wrapped_app
    |     raise exc
    |   File "E:\pitch_analyser\venv\Lib\site-packages\starlette\_exception_handler.py", line 42, in wrapped_app
    |     await app(scope, receive, sender)
    |   File "E:\pitch_analyser\venv\Lib\site-packages\starlette\routing.py", line 716, in __call__
    |     await self.middleware_stack(scope, receive, send)
    |   File "E:\pitch_analyser\venv\Lib\site-packages\starlette\routing.py", line 736, in app
    |     await route.handle(scope, receive, send)
    |   File "E:\pitch_analyser\venv\Lib\site-packages\starlette\routing.py", line 290, in handle
    |     await self.app(scope, receive, send)
    |   File "E:\pitch_analyser\venv\Lib\site-packages\starlette\routing.py", line 78, in app
    |     await wrap_app_handling_exceptions(app, request)(scope, receive, send)
    |   File "E:\pitch_analyser\venv\Lib\site-packages\starlette\_exception_handler.py", line 59, in wrapped_app
    |     response = await handler(conn, exc)
    |                ^^^^^^^^^^^^^^^^^^^^^^^^
    |   File "E:\pitch_analyser\api\main.py", line 108, in analysis_exception_handler
    |     return JSONResponse(
    |            ^^^^^^^^^^^^^
    |   File "E:\pitch_analyser\venv\Lib\site-packages\starlette\responses.py", line 190, in __init__
    |     super().__init__(content, status_code, headers, media_type, background)
    |   File "E:\pitch_analyser\venv\Lib\site-packages\starlette\responses.py", line 47, in __init__
    |     self.body = self.render(content)
    |                 ^^^^^^^^^^^^^^^^^^^^
    |   File "E:\pitch_analyser\venv\Lib\site-packages\starlette\responses.py", line 193, in render
    |     return json.dumps(
    |            ^^^^^^^^^^^
    |   File "C:\Python312\Lib\json\__init__.py", line 238, in dumps
    |     **kw).encode(obj)
    |           ^^^^^^^^^^^
    |   File "C:\Python312\Lib\json\encoder.py", line 200, in encode
    |     chunks = self.iterencode(o, _one_shot=True)
    |              ^^^^^^^^^^^^^^^^^^^^^^^^^^^^^^^^^^
    |   File "C:\Python312\Lib\json\encoder.py", line 258, in iterencode
    |     return _iterencode(o, 0)
    |            ^^^^^^^^^^^^^^^^^
    |   File "C:\Python312\Lib\json\encoder.py", line 180, in default
    |     raise TypeError(f'Object of type {o.__class__.__name__} '
    | TypeError: Object of type datetime is not JSON serializable
    +------------------------------------

During handling of the above exception, another exception occurred:

Traceback (most recent call last):
  File "E:\pitch_analyser\venv\Lib\site-packages\starlette\middleware\errors.py", line 164, in __call__
    await self.app(scope, receive, _send)
  File "E:\pitch_analyser\venv\Lib\site-packages\starlette\middleware\base.py", line 182, in __call__
    with recv_stream, send_stream, collapse_excgroups():
                                   ^^^^^^^^^^^^^^^^^^^^
  File "C:\Python312\Lib\contextlib.py", line 158, in __exit__
    self.gen.throw(value)
  File "E:\pitch_analyser\venv\Lib\site-packages\starlette\_utils.py", line 83, in collapse_excgroups
    raise exc
  File "E:\pitch_analyser\venv\Lib\site-packages\starlette\middleware\base.py", line 184, in __call__
    response = await self.dispatch_func(request, call_next)
               ^^^^^^^^^^^^^^^^^^^^^^^^^^^^^^^^^^^^^^^^^^^^
  File "E:\pitch_analyser\api\main.py", line 57, in add_metrics_and_logging
    response = await call_next(request)
               ^^^^^^^^^^^^^^^^^^^^^^^^
  File "E:\pitch_analyser\venv\Lib\site-packages\starlette\middleware\base.py", line 159, in call_next
    raise app_exc
  File "E:\pitch_analyser\venv\Lib\site-packages\starlette\middleware\base.py", line 144, in coro
    await self.app(scope, receive_or_disconnect, send_no_error)
  File "E:\pitch_analyser\venv\Lib\site-packages\starlette\middleware\cors.py", line 93, in __call__
    await self.simple_response(scope, receive, send, request_headers=headers)
  File "E:\pitch_analyser\venv\Lib\site-packages\starlette\middleware\cors.py", line 144, in simple_response
    await self.app(scope, receive, send)
  File "E:\pitch_analyser\venv\Lib\site-packages\starlette\middleware\exceptions.py", line 63, in __call__
    await wrap_app_handling_exceptions(self.app, conn)(scope, receive, send)
  File "E:\pitch_analyser\venv\Lib\site-packages\starlette\_exception_handler.py", line 53, in wrapped_app
    raise exc
  File "E:\pitch_analyser\venv\Lib\site-packages\starlette\_exception_handler.py", line 42, in wrapped_app
    await app(scope, receive, sender)
  File "E:\pitch_analyser\venv\Lib\site-packages\starlette\routing.py", line 716, in __call__
    await self.middleware_stack(scope, receive, send)
  File "E:\pitch_analyser\venv\Lib\site-packages\starlette\routing.py", line 736, in app
    await route.handle(scope, receive, send)
  File "E:\pitch_analyser\venv\Lib\site-packages\starlette\routing.py", line 290, in handle
    await self.app(scope, receive, send)
  File "E:\pitch_analyser\venv\Lib\site-packages\starlette\routing.py", line 78, in app
    await wrap_app_handling_exceptions(app, request)(scope, receive, send)
  File "E:\pitch_analyser\venv\Lib\site-packages\starlette\_exception_handler.py", line 59, in wrapped_app
    response = await handler(conn, exc)
               ^^^^^^^^^^^^^^^^^^^^^^^^
  File "E:\pitch_analyser\api\main.py", line 108, in analysis_exception_handler
    return JSONResponse(
           ^^^^^^^^^^^^^
  File "E:\pitch_analyser\venv\Lib\site-packages\starlette\responses.py", line 190, in __init__
    super().__init__(content, status_code, headers, media_type, background)
  File "E:\pitch_analyser\venv\Lib\site-packages\starlette\responses.py", line 47, in __init__
    self.body = self.render(content)
                ^^^^^^^^^^^^^^^^^^^^
  File "E:\pitch_analyser\venv\Lib\site-packages\starlette\responses.py", line 193, in render
    return json.dumps(
           ^^^^^^^^^^^
  File "C:\Python312\Lib\json\__init__.py", line 238, in dumps
    **kw).encode(obj)
          ^^^^^^^^^^^
  File "C:\Python312\Lib\json\encoder.py", line 200, in encode
    chunks = self.iterencode(o, _one_shot=True)
             ^^^^^^^^^^^^^^^^^^^^^^^^^^^^^^^^^^
  File "C:\Python312\Lib\json\encoder.py", line 258, in iterencode
    return _iterencode(o, 0)
           ^^^^^^^^^^^^^^^^^
  File "C:\Python312\Lib\json\encoder.py", line 180, in default
    raise TypeError(f'Object of type {o.__class__.__name__} '
TypeError: Object of type datetime is not JSON serializable

2025-07-30 14:09:39,537 - pitch_analyzer - INFO - add_metrics_and_logging:54 - Incoming request: POST /analyze_pdf
2025-07-30 14:09:39,635 - pitch_analyzer - WARNING - validate_file:47 - Could not determine file type for about shoppin.pdf: 'Settings' object has no attribute 'allowed_file_types'
2025-07-30 14:09:39,637 - pitch_analyzer - INFO - analyze_pitch_pdf:203 - Starting PDF pitch analysis - File: about shoppin.pdf, Size: 9974118 bytes
2025-07-30 14:09:39,637 - pitch_analyzer - INFO - extract_text_from_pdf:14 - Starting PDF text extraction for file: about shoppin.pdf
2025-07-30 14:09:40,097 - pitch_analyzer - INFO - extract_text_from_pdf:37 - Successfully extracted 8511 characters using PyPDF2
2025-07-30 14:09:40,098 - pitch_analyzer - INFO - analyze_pitch_pdf:211 - PDF text extraction completed in 0.46s - Extracted 8511 characters
2025-07-30 14:09:40,115 - pitch_analyzer - INFO - analyze_pitch:86 - Starting pitch analysis fcd6efd2-a6b1-41b8-b34f-f39b455ff58c
2025-07-30 14:09:54,213 - pitch_analyzer - INFO - analyze_pitch:104 - Analysis fcd6efd2-a6b1-41b8-b34f-f39b455ff58c completed in 14.1s
2025-07-30 14:09:54,218 - pitch_analyzer - INFO - add_metrics_and_logging:68 - Request completed: POST /analyze_pdf - 200 - 14.681s
2025-07-30 17:18:52,780 - pitch_analyzer - INFO - add_metrics_and_logging:54 - Incoming request: POST /analyze_pdf
2025-07-30 17:18:52,956 - pitch_analyzer - WARNING - validate_file:47 - Could not determine file type for about shoppin.pdf: 'Settings' object has no attribute 'allowed_file_types'
2025-07-30 17:18:52,957 - pitch_analyzer - INFO - analyze_pitch_pdf:203 - Starting PDF pitch analysis - File: about shoppin.pdf, Size: 9974118 bytes
2025-07-30 17:18:52,957 - pitch_analyzer - INFO - extract_text_from_pdf:14 - Starting PDF text extraction for file: about shoppin.pdf
2025-07-30 17:18:53,333 - pitch_analyzer - INFO - extract_text_from_pdf:37 - Successfully extracted 8511 characters using PyPDF2
2025-07-30 17:18:53,333 - pitch_analyzer - INFO - analyze_pitch_pdf:211 - PDF text extraction completed in 0.38s - Extracted 8511 characters
2025-07-30 17:18:53,362 - pitch_analyzer - INFO - analyze_pitch:86 - Starting pitch analysis be8a14c9-05ce-4401-a678-21a6109e0865
2025-07-30 17:19:29,707 - pitch_analyzer - INFO - analyze_pitch:104 - Analysis be8a14c9-05ce-4401-a678-21a6109e0865 completed in 36.35s
2025-07-30 17:19:29,717 - pitch_analyzer - INFO - add_metrics_and_logging:68 - Request completed: POST /analyze_pdf - 200 - 36.936s
2025-07-30 17:20:25,008 - pitch_analyzer - INFO - add_metrics_and_logging:54 - Incoming request: POST /analyze_pdf
2025-07-30 17:20:25,189 - pitch_analyzer - WARNING - validate_file:47 - Could not determine file type for about shoppin.pdf: 'Settings' object has no attribute 'allowed_file_types'
2025-07-30 17:20:25,202 - pitch_analyzer - INFO - analyze_pitch_pdf:203 - Starting PDF pitch analysis - File: about shoppin.pdf, Size: 9974118 bytes
2025-07-30 17:20:25,203 - pitch_analyzer - INFO - extract_text_from_pdf:14 - Starting PDF text extraction for file: about shoppin.pdf
2025-07-30 17:20:25,673 - pitch_analyzer - INFO - extract_text_from_pdf:37 - Successfully extracted 8511 characters using PyPDF2
2025-07-30 17:20:25,673 - pitch_analyzer - INFO - analyze_pitch_pdf:211 - PDF text extraction completed in 0.47s - Extracted 8511 characters
2025-07-30 17:20:25,673 - pitch_analyzer - INFO - analyze_pitch:86 - Starting pitch analysis db04f2e2-18c9-4fa0-b268-2eecb6e9e5fa
2025-07-30 17:20:47,468 - pitch_analyzer - INFO - analyze_pitch:104 - Analysis db04f2e2-18c9-4fa0-b268-2eecb6e9e5fa completed in 21.8s
2025-07-30 17:20:47,478 - pitch_analyzer - INFO - add_metrics_and_logging:68 - Request completed: POST /analyze_pdf - 200 - 22.470s
2025-07-30 17:45:40,439 - pitch_analyzer - INFO - add_metrics_and_logging:54 - Incoming request: GET /
2025-07-30 17:45:40,518 - pitch_analyzer - INFO - add_metrics_and_logging:68 - Request completed: GET / - 200 - 0.078s
2025-07-30 17:45:43,306 - pitch_analyzer - INFO - add_metrics_and_logging:54 - Incoming request: GET /docs
2025-07-30 17:45:43,316 - pitch_analyzer - INFO - add_metrics_and_logging:68 - Request completed: GET /docs - 200 - 0.010s
2025-07-30 17:45:43,754 - pitch_analyzer - INFO - add_metrics_and_logging:54 - Incoming request: GET /openapi.json
2025-07-30 17:45:44,037 - pitch_analyzer - INFO - add_metrics_and_logging:68 - Request completed: GET /openapi.json - 200 - 0.285s
2025-07-30 17:45:53,253 - pitch_analyzer - INFO - add_metrics_and_logging:54 - Incoming request: POST /analyze_pdf
2025-07-30 17:45:53,529 - pitch_analyzer - WARNING - validate_file:47 - Could not determine file type for about shoppin.pdf: 'Settings' object has no attribute 'allowed_file_types'
2025-07-30 17:45:53,529 - pitch_analyzer - INFO - analyze_pitch_pdf:203 - Starting PDF pitch analysis - File: about shoppin.pdf, Size: 9974118 bytes
2025-07-30 17:45:53,540 - pitch_analyzer - INFO - extract_text_from_pdf:14 - Starting PDF text extraction for file: about shoppin.pdf
2025-07-30 17:45:54,589 - pitch_analyzer - INFO - extract_text_from_pdf:37 - Successfully extracted 8511 characters using PyPDF2
2025-07-30 17:45:54,589 - pitch_analyzer - INFO - analyze_pitch_pdf:211 - PDF text extraction completed in 1.06s - Extracted 8511 characters
2025-07-30 17:45:54,598 - pitch_analyzer - INFO - analyze_pitch:86 - Starting pitch analysis 4046c57c-c4ae-47bc-a95b-125f20f1ff51
2025-07-30 17:46:14,373 - pitch_analyzer - INFO - analyze_pitch:104 - Analysis 4046c57c-c4ae-47bc-a95b-125f20f1ff51 completed in 19.78s
2025-07-30 17:46:14,401 - pitch_analyzer - INFO - add_metrics_and_logging:68 - Request completed: POST /analyze_pdf - 200 - 21.147s
2025-07-30 17:54:20,776 - pitch_analyzer - INFO - add_metrics_and_logging:54 - Incoming request: POST /analyze_pdf
2025-07-30 17:54:21,242 - pitch_analyzer - WARNING - validate_file:47 - Could not determine file type for about shoppin.pdf: 'Settings' object has no attribute 'allowed_file_types'
2025-07-30 17:54:21,248 - pitch_analyzer - INFO - analyze_pitch_pdf:203 - Starting PDF pitch analysis - File: about shoppin.pdf, Size: 9974118 bytes
2025-07-30 17:54:21,251 - pitch_analyzer - INFO - extract_text_from_pdf:14 - Starting PDF text extraction for file: about shoppin.pdf
2025-07-30 17:54:21,644 - pitch_analyzer - INFO - extract_text_from_pdf:37 - Successfully extracted 8511 characters using PyPDF2
2025-07-30 17:54:21,644 - pitch_analyzer - INFO - analyze_pitch_pdf:211 - PDF text extraction completed in 0.40s - Extracted 8511 characters
2025-07-30 17:54:21,694 - pitch_analyzer - INFO - analyze_pitch:86 - Starting pitch analysis 25784dfc-40d9-46e2-93f7-01c4d307fcd1
2025-07-30 17:54:44,520 - pitch_analyzer - INFO - analyze_pitch:104 - Analysis 25784dfc-40d9-46e2-93f7-01c4d307fcd1 completed in 22.83s
2025-07-30 17:54:44,542 - pitch_analyzer - INFO - add_metrics_and_logging:68 - Request completed: POST /analyze_pdf - 200 - 23.783s
2025-07-30 17:58:35,613 - pitch_analyzer - INFO - add_metrics_and_logging:54 - Incoming request: POST /analyze_pdf
2025-07-30 17:58:35,857 - pitch_analyzer - WARNING - validate_file:47 - Could not determine file type for about shoppin.pdf: 'Settings' object has no attribute 'allowed_file_types'
2025-07-30 17:58:35,860 - pitch_analyzer - INFO - analyze_pitch_pdf:203 - Starting PDF pitch analysis - File: about shoppin.pdf, Size: 9974118 bytes
2025-07-30 17:58:35,860 - pitch_analyzer - INFO - extract_text_from_pdf:14 - Starting PDF text extraction for file: about shoppin.pdf
2025-07-30 17:58:36,988 - pitch_analyzer - INFO - extract_text_from_pdf:37 - Successfully extracted 8511 characters using PyPDF2
2025-07-30 17:58:36,988 - pitch_analyzer - INFO - analyze_pitch_pdf:211 - PDF text extraction completed in 1.13s - Extracted 8511 characters
2025-07-30 17:58:36,993 - pitch_analyzer - INFO - analyze_pitch:86 - Starting pitch analysis d8bb17b4-063f-4109-97eb-374dbdc85b33
2025-07-30 17:58:54,985 - pitch_analyzer - INFO - analyze_pitch:104 - Analysis d8bb17b4-063f-4109-97eb-374dbdc85b33 completed in 17.99s
2025-07-30 17:58:54,996 - pitch_analyzer - INFO - add_metrics_and_logging:68 - Request completed: POST /analyze_pdf - 200 - 19.386s
>>>>>>> c72182e161d21bf2b9034ca62c709ac59f608736
